#
# There is insufficient memory for the Java Runtime Environment to continue.
# Native memory allocation (malloc) failed to allocate 32744 bytes. Error detail: Chunk::new
# Possible reasons:
#   The system is out of physical RAM or swap space
#   This process is running with CompressedOops enabled, and the Java Heap may be blocking the growth of the native heap
# Possible solutions:
#   Reduce memory load on the system
#   Increase physical memory or swap space
#   Check if swap backing store is full
#   Decrease Java heap size (-Xmx/-Xms)
#   Decrease number of Java threads
#   Decrease Java thread stack sizes (-Xss)
#   Set larger code cache with -XX:ReservedCodeCacheSize=
#   JVM is running with Unscaled Compressed Oops mode in which the Java heap is
#     placed in the first 4GB address space. The Java Heap base address is the
#     maximum limit for the native heap growth. Please use -XX:HeapBaseMinAddress
#     to set the Java Heap base and to place the Java Heap above 4GB virtual address.
# This output file may be truncated or incomplete.
#
#  Out of Memory Error (arena.cpp:168), pid=35892, tid=30784
#
# JRE version: OpenJDK Runtime Environment Temurin-21.0.5+11 (21.0.5+11) (build 21.0.5+11-LTS)
# Java VM: OpenJDK 64-Bit Server VM Temurin-21.0.5+11 (21.0.5+11-LTS, mixed mode, sharing, tiered, compressed oops, compressed class ptrs, parallel gc, windows-amd64)
# No core dump will be written. Minidumps are not enabled by default on client versions of Windows
#

---------------  S U M M A R Y ------------

Command Line: --add-modules=ALL-SYSTEM --add-opens=java.base/java.util=ALL-UNNAMED --add-opens=java.base/java.lang=ALL-UNNAMED --add-opens=java.base/sun.nio.fs=ALL-UNNAMED -Declipse.application=org.eclipse.jdt.ls.core.id1 -Dosgi.bundles.defaultStartLevel=4 -Declipse.product=org.eclipse.jdt.ls.core.product -Djava.import.generatesMetadataFilesAtProjectRoot=false -DDetectVMInstallationsJob.disabled=true -Dfile.encoding=utf8 -XX:+UseParallelGC -XX:GCTimeRatio=4 -XX:AdaptiveSizePolicyWeight=90 -Dsun.zip.disableMemoryMapping=true -Xmx1G -Xms100m -Xlog:disable -javaagent:c:\Users\HP\.vscode\extensions\redhat.java-1.39.0-win32-x64\lombok\lombok-1.18.34.jar -XX:+HeapDumpOnOutOfMemoryError -XX:HeapDumpPath=c:\Users\HP\AppData\Roaming\Code\User\workspaceStorage\0144559f37f55072ed9298fbd7cc7e71\redhat.java -Daether.dependencyCollector.impl=bf c:\Users\HP\.vscode\extensions\redhat.java-1.39.0-win32-x64\server\plugins\org.eclipse.equinox.launcher_1.6.900.v20240613-2009.jar -configuration c:\Users\HP\AppData\Roaming\Code\User\globalStorage\redhat.java\1.39.0\config_win -data c:\Users\HP\AppData\Roaming\Code\User\workspaceStorage\0144559f37f55072ed9298fbd7cc7e71\redhat.java\jdt_ws --pipe=\\.\pipe\lsp-4c9f8d414724e37cb6ba0b956ed6d526-sock

Host: 11th Gen Intel(R) Core(TM) i5-1135G7 @ 2.40GHz, 8 cores, 7G,  Windows 11 , 64 bit Build 22621 (10.0.22621.4830)
Time: Mon Feb 17 13:46:52 2025 Maroc (heure d64 bit Build 22621 (10.0.22621.4830) elapsed time: 0.372083 seconds (0d 0h 0m 0s)

---------------  T H R E A D  ---------------

Current thread (0x00000259801eb6b0):  JavaThread "C2 CompilerThread0" daemon [_thread_in_native, id=30784, stack(0x000000a158d00000,0x000000a158e00000) (1024K)]


Current CompileTask:
C2:372  165       4       java.util.HashMap::putVal (300 bytes)

Stack: [0x000000a158d00000,0x000000a158e00000]
Native frames: (J=compiled Java code, j=interpreted, Vv=VM code, C=native code)
V  [jvm.dll+0x6cd4e9]
V  [jvm.dll+0x8a7941]
V  [jvm.dll+0x8a9e6e]
V  [jvm.dll+0x8aa543]
V  [jvm.dll+0x27f6d6]
V  [jvm.dll+0xc500d]
V  [jvm.dll+0xc5543]
V  [jvm.dll+0xc5135]
V  [jvm.dll+0x6a935c]
V  [jvm.dll+0x5f643f]
V  [jvm.dll+0x250b82]
V  [jvm.dll+0x250f3f]
V  [jvm.dll+0x249814]
V  [jvm.dll+0x246ea4]
V  [jvm.dll+0x1c75ce]
V  [jvm.dll+0x25682a]
V  [jvm.dll+0x254dca]
V  [jvm.dll+0x3f00d6]
V  [jvm.dll+0x8514fb]
V  [jvm.dll+0x6cbbed]
C  [ucrtbase.dll+0x29333]
C  [KERNEL32.DLL+0x1259d]
C  [ntdll.dll+0x5af38]


---------------  P R O C E S S  ---------------

Threads class SMR info:
_java_thread_list=0x0000025981cb9860, length=10, elements={
0x000002592882da70, 0x00000259801da690, 0x00000259801dc3d0, 0x00000259801e5360,
0x00000259801e6fd0, 0x00000259801e7c20, 0x00000259801e8870, 0x00000259801eb6b0,
0x00000259801fd6c0, 0x0000025981cbcaa0
}

Java Threads: ( => current thread )
  0x000002592882da70 JavaThread "main"                              [_thread_in_native, id=25916, stack(0x000000a158300000,0x000000a158400000) (1024K)]
  0x00000259801da690 JavaThread "Reference Handler"          daemon [_thread_blocked, id=16448, stack(0x000000a158700000,0x000000a158800000) (1024K)]
  0x00000259801dc3d0 JavaThread "Finalizer"                  daemon [_thread_blocked, id=36124, stack(0x000000a158800000,0x000000a158900000) (1024K)]
  0x00000259801e5360 JavaThread "Signal Dispatcher"          daemon [_thread_blocked, id=35936, stack(0x000000a158900000,0x000000a158a00000) (1024K)]
  0x00000259801e6fd0 JavaThread "Attach Listener"            daemon [_thread_blocked, id=34864, stack(0x000000a158a00000,0x000000a158b00000) (1024K)]
  0x00000259801e7c20 JavaThread "Service Thread"             daemon [_thread_blocked, id=24440, stack(0x000000a158b00000,0x000000a158c00000) (1024K)]
  0x00000259801e8870 JavaThread "Monitor Deflation Thread"   daemon [_thread_blocked, id=33764, stack(0x000000a158c00000,0x000000a158d00000) (1024K)]
=>0x00000259801eb6b0 JavaThread "C2 CompilerThread0"         daemon [_thread_in_native, id=30784, stack(0x000000a158d00000,0x000000a158e00000) (1024K)]
  0x00000259801fd6c0 JavaThread "C1 CompilerThread0"         daemon [_thread_blocked, id=33204, stack(0x000000a158e00000,0x000000a158f00000) (1024K)]
  0x0000025981cbcaa0 JavaThread "Common-Cleaner"             daemon [_thread_blocked, id=32236, stack(0x000000a158f00000,0x000000a159000000) (1024K)]
Total: 10

Other Threads:
  0x00000259801c1dc0 VMThread "VM Thread"                           [id=34788, stack(0x000000a158600000,0x000000a158700000) (1024K)]
  0x000002592ab77c50 WatcherThread "VM Periodic Task Thread"        [id=24512, stack(0x000000a158500000,0x000000a158600000) (1024K)]
  0x000002592ab2b340 WorkerThread "GC Thread#0"                     [id=31120, stack(0x000000a158400000,0x000000a158500000) (1024K)]
Total: 3

Threads with active compile tasks:
C2 CompilerThread0  497  165       4       java.util.HashMap::putVal (300 bytes)
Total: 1

VM state: not at safepoint (normal execution)

VM Mutex/Monitor currently owned by a thread: None

Heap address: 0x00000000c0000000, size: 1024 MB, Compressed Oops mode: 32-bit

CDS archive(s) mapped at: [0x000002593f000000-0x000002593fba0000-0x000002593fba0000), size 12189696, SharedBaseAddress: 0x000002593f000000, ArchiveRelocationMode: 1.
Compressed class space mapped at: 0x0000025940000000-0x0000025980000000, reserved size: 1073741824
Narrow klass base: 0x000002593f000000, Narrow klass shift: 0, Narrow klass range: 0x100000000

GC Precious Log:
 CardTable entry size: 512
 CPUs: 8 total, 8 available
 Memory: 7872M
 Large Page Support: Disabled
 NUMA Support: Disabled
 Compressed Oops: Enabled (32-bit)
 Alignments: Space 512K, Generation 512K, Heap 2M
 Heap Min Capacity: 100M
 Heap Initial Capacity: 100M
 Heap Max Capacity: 1G
 Pre-touch: Disabled
 Parallel Workers: 8

Heap:
 PSYoungGen      total 29696K, used 4096K [0x00000000eab00000, 0x00000000ecc00000, 0x0000000100000000)
  eden space 25600K, 16% used [0x00000000eab00000,0x00000000eaf00268,0x00000000ec400000)
  from space 4096K, 0% used [0x00000000ec800000,0x00000000ec800000,0x00000000ecc00000)
  to   space 4096K, 0% used [0x00000000ec400000,0x00000000ec400000,0x00000000ec800000)
 ParOldGen       total 68608K, used 0K [0x00000000c0000000, 0x00000000c4300000, 0x00000000eab00000)
  object space 68608K, 0% used [0x00000000c0000000,0x00000000c0000000,0x00000000c4300000)
 Metaspace       used 444K, committed 576K, reserved 1114112K
  class space    used 31K, committed 128K, reserved 1048576K

Card table byte_map: [0x000002592a490000,0x000002592a6a0000] _byte_map_base: 0x0000025929e90000

Marking Bits: (ParMarkBitMap*) 0x00007ff8d4092250
 Begin Bits: [0x000002593ce40000, 0x000002593de40000)
 End Bits:   [0x000002593de40000, 0x000002593ee40000)

Polling page: 0x000002592a260000

Metaspace:

Usage:
  Non-class:    413.55 KB used.
      Class:     31.45 KB used.
       Both:    445.01 KB used.

Virtual space:
  Non-class space:       64.00 MB reserved,     448.00 KB ( <1%) committed,  1 nodes.
      Class space:        1.00 GB reserved,     128.00 KB ( <1%) committed,  1 nodes.
             Both:        1.06 GB reserved,     576.00 KB ( <1%) committed. 

Chunk freelists:
   Non-Class:  11.94 MB
       Class:  15.74 MB
        Both:  27.67 MB

MaxMetaspaceSize: unlimited
CompressedClassSpaceSize: 1.00 GB
Initial GC threshold: 21.00 MB
Current GC threshold: 21.00 MB
CDS: on
 - commit_granule_bytes: 65536.
 - commit_granule_words: 8192.
 - virtual_space_node_default_size: 8388608.
 - enlarge_chunks_in_place: 1.
 - use_allocation_guard: 0.


Internal statistics:

num_allocs_failed_limit: 0.
num_arena_births: 22.
num_arena_deaths: 0.
num_vsnodes_births: 2.
num_vsnodes_deaths: 0.
num_space_committed: 9.
num_space_uncommitted: 0.
num_chunks_returned_to_freelist: 0.
num_chunks_taken_from_freelist: 27.
num_chunk_merges: 0.
num_chunk_splits: 19.
num_chunks_enlarged: 11.
num_inconsistent_stats: 0.

CodeHeap 'non-profiled nmethods': size=120000Kb used=77Kb max_used=77Kb free=119922Kb
 bounds [0x0000025935910000, 0x0000025935b80000, 0x000002593ce40000]
CodeHeap 'profiled nmethods': size=120000Kb used=295Kb max_used=295Kb free=119704Kb
 bounds [0x000002592de40000, 0x000002592e0b0000, 0x0000025935370000]
CodeHeap 'non-nmethods': size=5760Kb used=1156Kb max_used=1156Kb free=4603Kb
 bounds [0x0000025935370000, 0x00000259355e0000, 0x0000025935910000]
 total_blobs=651 nmethods=258 adapters=300
 compilation: enabled
              stopped_count=0, restarted_count=0
 full_count=0

Compilation events (20 events):
Event: 0.358 Thread 0x00000259801fd6c0 nmethod 173 0x000002593591e610 code [0x000002593591e7a0, 0x000002593591e868]
Event: 0.359 Thread 0x00000259801fd6c0  177       1       java.lang.module.ModuleDescriptor::isOpen (5 bytes)
Event: 0.359 Thread 0x00000259801fd6c0 nmethod 177 0x000002593591e910 code [0x000002593591eaa0, 0x000002593591eb70]
Event: 0.359 Thread 0x00000259801fd6c0  179       3       java.util.HashMap::<init> (11 bytes)
Event: 0.359 Thread 0x00000259801fd6c0 nmethod 179 0x000002592de6c710 code [0x000002592de6c8c0, 0x000002592de6ca90]
Event: 0.360 Thread 0x00000259801fd6c0  178       3       java.util.HashMap::isEmpty (13 bytes)
Event: 0.360 Thread 0x00000259801fd6c0 nmethod 178 0x000002592de6cb90 code [0x000002592de6cd20, 0x000002592de6ce80]
Event: 0.360 Thread 0x00000259801fd6c0  180       1       java.util.HashMap::size (5 bytes)
Event: 0.360 Thread 0x00000259801fd6c0 nmethod 180 0x000002593591ec10 code [0x000002593591eda0, 0x000002593591ee68]
Event: 0.360 Thread 0x00000259801fd6c0  181       3       java.util.Arrays::copyOfRangeByte (33 bytes)
Event: 0.361 Thread 0x00000259801fd6c0 nmethod 181 0x000002592de6cf10 code [0x000002592de6d180, 0x000002592de6da80]
Event: 0.361 Thread 0x00000259801fd6c0  182       3       java.util.Arrays::checkLength (38 bytes)
Event: 0.362 Thread 0x00000259801fd6c0 nmethod 182 0x000002592de6de90 code [0x000002592de6e0e0, 0x000002592de6e740]
Event: 0.362 Thread 0x00000259801fd6c0  183       3       java.lang.invoke.MethodType::methodType (69 bytes)
Event: 0.362 Thread 0x00000259801fd6c0 nmethod 183 0x000002592de6ea10 code [0x000002592de6ec20, 0x000002592de6f0d0]
Event: 0.362 Thread 0x00000259801fd6c0  184       1       jdk.internal.util.WeakReferenceKey::hashCode (5 bytes)
Event: 0.362 Thread 0x00000259801fd6c0 nmethod 184 0x000002593591ef10 code [0x000002593591f0a0, 0x000002593591f168]
Event: 0.364 Thread 0x00000259801fd6c0  185       3       jdk.internal.org.objectweb.asm.ByteVector::putUTF8 (144 bytes)
Event: 0.366 Thread 0x00000259801fd6c0 nmethod 185 0x000002592de6f290 code [0x000002592de6f500, 0x000002592de6ff80]
Event: 0.367 Thread 0x00000259801fd6c0  186       3       java.lang.String::indexOf (37 bytes)

GC Heap History (0 events):
No events

Dll operation events (2 events):
Event: 0.044 Loaded shared library c:\Users\HP\.vscode\extensions\redhat.java-1.39.0-win32-x64\jre\21.0.5-win32-x86_64\bin\java.dll
Event: 0.333 Loaded shared library c:\Users\HP\.vscode\extensions\redhat.java-1.39.0-win32-x64\jre\21.0.5-win32-x86_64\bin\zip.dll

Deoptimization events (0 events):
No events

Classes loaded (8 events):
Event: 0.332 Loading class jdk/internal/module/ModuleReferenceImpl$CachedHash
Event: 0.334 Loading class jdk/internal/module/ModuleReferenceImpl$CachedHash done
Event: 0.363 Loading class java/lang/WeakPairMap$Pair$Weak
Event: 0.363 Loading class java/lang/WeakPairMap$WeakRefPeer
Event: 0.363 Loading class java/lang/WeakPairMap$WeakRefPeer done
Event: 0.363 Loading class java/lang/WeakPairMap$Pair$Weak done
Event: 0.364 Loading class java/lang/WeakPairMap$Pair$Weak$1
Event: 0.364 Loading class java/lang/WeakPairMap$Pair$Weak$1 done

Classes unloaded (0 events):
No events

Classes redefined (0 events):
No events

Internal exceptions (1 events):
Event: 0.281 Thread 0x000002592882da70 Exception <a 'java/lang/NoSuchMethodError'{0x00000000ead2bc80}: 'void java.lang.invoke.DirectMethodHandle$Holder.invokeStatic(java.lang.Object, java.lang.Object, java.lang.Object)'> (0x00000000ead2bc80) 
thrown [s\src\hotspot\share\interpreter\linkResolver.cpp, line 773]

ZGC Phase Switch (0 events):
No events

VM Operations (2 events):
Event: 0.296 Executing VM operation: HandshakeAllThreads (Deoptimize)
Event: 0.331 Executing VM operation: HandshakeAllThreads (Deoptimize) done

Memory protections (0 events):
No events

Nmethod flushes (0 events):
No events

Events (10 events):
Event: 0.090 Thread 0x000002592882da70 Thread added: 0x000002592882da70
Event: 0.136 Thread 0x000002592882da70 Thread added: 0x00000259801da690
Event: 0.136 Thread 0x000002592882da70 Thread added: 0x00000259801dc3d0
Event: 0.137 Thread 0x000002592882da70 Thread added: 0x00000259801e5360
Event: 0.137 Thread 0x000002592882da70 Thread added: 0x00000259801e6fd0
Event: 0.137 Thread 0x000002592882da70 Thread added: 0x00000259801e7c20
Event: 0.137 Thread 0x000002592882da70 Thread added: 0x00000259801e8870
Event: 0.137 Thread 0x000002592882da70 Thread added: 0x00000259801eb6b0
Event: 0.149 Thread 0x000002592882da70 Thread added: 0x00000259801fd6c0
Event: 0.233 Thread 0x000002592882da70 Thread added: 0x0000025981cbcaa0


Dynamic libraries:
0x00007ff6eaf90000 - 0x00007ff6eaf9e000 	c:\Users\HP\.vscode\extensions\redhat.java-1.39.0-win32-x64\jre\21.0.5-win32-x86_64\bin\java.exe
0x00007ff9c0a30000 - 0x00007ff9c0c47000 	C:\WINDOWS\SYSTEM32\ntdll.dll
0x00007ff9bf500000 - 0x00007ff9bf5c4000 	C:\WINDOWS\System32\KERNEL32.DLL
0x00007ff9bdfe0000 - 0x00007ff9be3b0000 	C:\WINDOWS\System32\KERNELBASE.dll
0x00007ff9bdce0000 - 0x00007ff9bddf1000 	C:\WINDOWS\System32\ucrtbase.dll
0x00007ff9a6200000 - 0x00007ff9a6218000 	c:\Users\HP\.vscode\extensions\redhat.java-1.39.0-win32-x64\jre\21.0.5-win32-x86_64\bin\jli.dll
0x00007ff9bf5d0000 - 0x00007ff9bf77e000 	C:\WINDOWS\System32\USER32.dll
0x00007ff9be550000 - 0x00007ff9be576000 	C:\WINDOWS\System32\win32u.dll
0x00007ff9bec70000 - 0x00007ff9bec99000 	C:\WINDOWS\System32\GDI32.dll
0x00007ff9be3b0000 - 0x00007ff9be4cb000 	C:\WINDOWS\System32\gdi32full.dll
0x00007ff9bde80000 - 0x00007ff9bdf1a000 	C:\WINDOWS\System32\msvcp_win.dll
0x00007ff993300000 - 0x00007ff99331e000 	c:\Users\HP\.vscode\extensions\redhat.java-1.39.0-win32-x64\jre\21.0.5-win32-x86_64\bin\VCRUNTIME140.dll
0x00007ff9912b0000 - 0x00007ff991542000 	C:\WINDOWS\WinSxS\amd64_microsoft.windows.common-controls_6595b64144ccf1df_6.0.22621.4830_none_270fe7d773858e80\COMCTL32.dll
0x00007ff9be720000 - 0x00007ff9be7c7000 	C:\WINDOWS\System32\msvcrt.dll
0x00007ff9bfae0000 - 0x00007ff9bfb11000 	C:\WINDOWS\System32\IMM32.DLL
0x0000000077710000 - 0x000000007771c000 	C:\Program Files (x86)\360\Total Security\safemon\SafeWrapper.dll
0x00007ff9bf7f0000 - 0x00007ff9bf8a1000 	C:\WINDOWS\System32\ADVAPI32.dll
0x00007ff9c0940000 - 0x00007ff9c09e7000 	C:\WINDOWS\System32\sechost.dll
0x00007ff9be580000 - 0x00007ff9be5a8000 	C:\WINDOWS\System32\bcrypt.dll
0x00007ff9bf8b0000 - 0x00007ff9bf9c4000 	C:\WINDOWS\System32\RPCRT4.dll
0x00007ff920b90000 - 0x00007ff920c3c000 	C:\Program Files (x86)\360\Total Security\safemon\libzdtp64.dll
0x00007ff9bfb20000 - 0x00007ff9c0398000 	C:\WINDOWS\System32\SHELL32.dll
0x00007ff9c03c0000 - 0x00007ff9c041e000 	C:\WINDOWS\System32\SHLWAPI.dll
0x00007ff9bd850000 - 0x00007ff9bd85a000 	C:\WINDOWS\SYSTEM32\VERSION.dll
0x00007ff9a8140000 - 0x00007ff9a814c000 	c:\Users\HP\.vscode\extensions\redhat.java-1.39.0-win32-x64\jre\21.0.5-win32-x86_64\bin\vcruntime140_1.dll
0x00007ff96ed20000 - 0x00007ff96edad000 	c:\Users\HP\.vscode\extensions\redhat.java-1.39.0-win32-x64\jre\21.0.5-win32-x86_64\bin\msvcp140.dll
0x00007ff8d33e0000 - 0x00007ff8d416f000 	c:\Users\HP\.vscode\extensions\redhat.java-1.39.0-win32-x64\jre\21.0.5-win32-x86_64\bin\server\jvm.dll
0x00007ff9c08c0000 - 0x00007ff9c0931000 	C:\WINDOWS\System32\WS2_32.dll
0x00007ff9bdbb0000 - 0x00007ff9bdbfd000 	C:\WINDOWS\SYSTEM32\POWRPROF.dll
0x00007ff9b3b40000 - 0x00007ff9b3b74000 	C:\WINDOWS\SYSTEM32\WINMM.dll
0x00007ff9bdb90000 - 0x00007ff9bdba3000 	C:\WINDOWS\SYSTEM32\UMPDC.dll
0x00007ff9bcc70000 - 0x00007ff9bcc88000 	C:\WINDOWS\SYSTEM32\kernel.appcore.dll
0x00007ff9a6150000 - 0x00007ff9a615a000 	c:\Users\HP\.vscode\extensions\redhat.java-1.39.0-win32-x64\jre\21.0.5-win32-x86_64\bin\jimage.dll
0x00007ff9bb290000 - 0x00007ff9bb4c2000 	C:\WINDOWS\SYSTEM32\DBGHELP.DLL
0x00007ff9beca0000 - 0x00007ff9bf030000 	C:\WINDOWS\System32\combase.dll
0x00007ff9bf420000 - 0x00007ff9bf4f7000 	C:\WINDOWS\System32\OLEAUT32.dll
0x00007ff9b20e0000 - 0x00007ff9b2112000 	C:\WINDOWS\SYSTEM32\dbgcore.DLL
0x00007ff9bde00000 - 0x00007ff9bde7b000 	C:\WINDOWS\System32\bcryptPrimitives.dll
0x00007ff9997d0000 - 0x00007ff9997df000 	c:\Users\HP\.vscode\extensions\redhat.java-1.39.0-win32-x64\jre\21.0.5-win32-x86_64\bin\instrument.dll
0x00007ff992d00000 - 0x00007ff992d1f000 	c:\Users\HP\.vscode\extensions\redhat.java-1.39.0-win32-x64\jre\21.0.5-win32-x86_64\bin\java.dll
0x00007ff9bbb70000 - 0x00007ff9bc480000 	C:\WINDOWS\SYSTEM32\windows.storage.dll
0x00007ff9bba30000 - 0x00007ff9bbb6f000 	C:\WINDOWS\SYSTEM32\wintypes.dll
0x00007ff9c06f0000 - 0x00007ff9c07fa000 	C:\WINDOWS\System32\SHCORE.dll
0x00007ff9bdc10000 - 0x00007ff9bdc3b000 	C:\WINDOWS\SYSTEM32\profapi.dll
0x00007ff98d140000 - 0x00007ff98d158000 	c:\Users\HP\.vscode\extensions\redhat.java-1.39.0-win32-x64\jre\21.0.5-win32-x86_64\bin\zip.dll
0x00007ff9996f0000 - 0x00007ff999700000 	C:\Users\HP\.vscode\extensions\redhat.java-1.39.0-win32-x64\jre\21.0.5-win32-x86_64\bin\net.dll
0x00007ff9b4820000 - 0x00007ff9b494c000 	C:\WINDOWS\SYSTEM32\WINHTTP.dll
0x00007ff9bd0e0000 - 0x00007ff9bd14a000 	C:\WINDOWS\system32\mswsock.dll
0x00007ff992700000 - 0x00007ff992716000 	C:\Users\HP\.vscode\extensions\redhat.java-1.39.0-win32-x64\jre\21.0.5-win32-x86_64\bin\nio.dll

dbghelp: loaded successfully - version: 4.0.5 - missing functions: none
symbol engine: initialized successfully - sym options: 0x614 - pdb path: .;c:\Users\HP\.vscode\extensions\redhat.java-1.39.0-win32-x64\jre\21.0.5-win32-x86_64\bin;C:\WINDOWS\SYSTEM32;C:\WINDOWS\WinSxS\amd64_microsoft.windows.common-controls_6595b64144ccf1df_6.0.22621.4830_none_270fe7d773858e80;C:\Program Files (x86)\360\Total Security\safemon;c:\Users\HP\.vscode\extensions\redhat.java-1.39.0-win32-x64\jre\21.0.5-win32-x86_64\bin\server

VM Arguments:
jvm_args: --add-modules=ALL-SYSTEM --add-opens=java.base/java.util=ALL-UNNAMED --add-opens=java.base/java.lang=ALL-UNNAMED --add-opens=java.base/sun.nio.fs=ALL-UNNAMED -Declipse.application=org.eclipse.jdt.ls.core.id1 -Dosgi.bundles.defaultStartLevel=4 -Declipse.product=org.eclipse.jdt.ls.core.product -Djava.import.generatesMetadataFilesAtProjectRoot=false -DDetectVMInstallationsJob.disabled=true -Dfile.encoding=utf8 -XX:+UseParallelGC -XX:GCTimeRatio=4 -XX:AdaptiveSizePolicyWeight=90 -Dsun.zip.disableMemoryMapping=true -Xmx1G -Xms100m -Xlog:disable -javaagent:c:\Users\HP\.vscode\extensions\redhat.java-1.39.0-win32-x64\lombok\lombok-1.18.34.jar -XX:+HeapDumpOnOutOfMemoryError -XX:HeapDumpPath=c:\Users\HP\AppData\Roaming\Code\User\workspaceStorage\0144559f37f55072ed9298fbd7cc7e71\redhat.java -Daether.dependencyCollector.impl=bf 
java_command: c:\Users\HP\.vscode\extensions\redhat.java-1.39.0-win32-x64\server\plugins\org.eclipse.equinox.launcher_1.6.900.v20240613-2009.jar -configuration c:\Users\HP\AppData\Roaming\Code\User\globalStorage\redhat.java\1.39.0\config_win -data c:\Users\HP\AppData\Roaming\Code\User\workspaceStorage\0144559f37f55072ed9298fbd7cc7e71\redhat.java\jdt_ws --pipe=\\.\pipe\lsp-4c9f8d414724e37cb6ba0b956ed6d526-sock
java_class_path (initial): c:\Users\HP\.vscode\extensions\redhat.java-1.39.0-win32-x64\server\plugins\org.eclipse.equinox.launcher_1.6.900.v20240613-2009.jar
Launcher Type: SUN_STANDARD

[Global flags]
    uintx AdaptiveSizePolicyWeight                 = 90                                        {product} {command line}
     intx CICompilerCount                          = 4                                         {product} {ergonomic}
    uintx GCTimeRatio                              = 4                                         {product} {command line}
     bool HeapDumpOnOutOfMemoryError               = true                                   {manageable} {command line}
    ccstr HeapDumpPath                             = c:\Users\HP\AppData\Roaming\Code\User\workspaceStorage\0144559f37f55072ed9298fbd7cc7e71\redhat.java         {manageable} {command line}
   size_t InitialHeapSize                          = 104857600                                 {product} {command line}
   size_t MaxHeapSize                              = 1073741824                                {product} {command line}
   size_t MaxNewSize                               = 357564416                                 {product} {ergonomic}
   size_t MinHeapDeltaBytes                        = 524288                                    {product} {ergonomic}
   size_t MinHeapSize                              = 104857600                                 {product} {command line}
   size_t NewSize                                  = 34603008                                  {product} {ergonomic}
    uintx NonNMethodCodeHeapSize                   = 5839372                                {pd product} {ergonomic}
    uintx NonProfiledCodeHeapSize                  = 122909434                              {pd product} {ergonomic}
   size_t OldSize                                  = 70254592                                  {product} {ergonomic}
    uintx ProfiledCodeHeapSize                     = 122909434                              {pd product} {ergonomic}
    uintx ReservedCodeCacheSize                    = 251658240                              {pd product} {ergonomic}
     bool SegmentedCodeCache                       = true                                      {product} {ergonomic}
   size_t SoftMaxHeapSize                          = 1073741824                             {manageable} {ergonomic}
     bool UseCompressedOops                        = true                           {product lp64_product} {ergonomic}
     bool UseLargePagesIndividualAllocation        = false                                  {pd product} {ergonomic}
     bool UseParallelGC                            = true                                      {product} {command line}

Logging:
Log output configuration:
 #0: stdout all=off uptime,level,tags foldmultilines=false
 #1: stderr all=off uptime,level,tags foldmultilines=false

Environment Variables:
JAVA_HOME=C:\Program Files\Eclipse Adoptium\jre-8.0.382.5-hotspot\
PATH=C:\oracle_21c\WINDOWS.X64_213000_db_home1\bin;C:\Program Files\Eclipse Adoptium\jre-8.0.382.5-hotspot\bin;C:\WINDOWS\system32;C:\WINDOWS;C:\WINDOWS\System32\Wbem;C:\WINDOWS\System32\WindowsPowerShell\v1.0\;C:\WINDOWS\System32\OpenSSH\;C:\Program Files\Git\cmd;C:\MinGW\bin;C:\xampp\php;C:\ProgramData\ComposerSetup\bin;C:\xaamp\php;C:\Program Files\JetBrains\PyCharm Community Edition 2024.1.4\bin;C:\Users\HP\AppData\Roaming\nvm;C:\Program Files\nodejs;C:\Program Files\dotnet\;C:\Users\HP\AppData\Local\Programs\Python\Launcher\;C:\Users\HP\AppData\Local\Microsoft\WindowsApps;C:\Users\HP\AppData\Local\Programs\Microsoft VS Code\bin;C:\Program Files\PostgreSQL\10\bin;C:\Program Files\PostgreSQL\10\lib;C:\Users\HP\AppData\Roaming\Composer\vendor\bin;C:\Users\HP\AppData\Roaming\npm;C:\ProgramData\Microsoft\Windows\Start Menu\Programs\JetBrains\PyCharm Community Edition\bin\;C:\xampp\mysql\bin;C:\Users\HP\AppData\Roaming\nvm;C:\Program Files\nodejs;C:\Program Files\JetBrains\DataGrip 2024.3.3\bin;;C:\Users\HP\.dotnet\tools
USERNAME=HP
OS=Windows_NT
PROCESSOR_IDENTIFIER=Intel64 Family 6 Model 140 Stepping 1, GenuineIntel
TMP=C:\Users\HP\AppData\Local\Temp
TEMP=C:\Users\HP\AppData\Local\Temp




Periodic native trim disabled

---------------  S Y S T E M  ---------------

OS:
 Windows 11 , 64 bit Build 22621 (10.0.22621.4830)
OS uptime: 1 days 4:18 hours
Hyper-V role detected

CPU: total 8 (initial active 8) (4 cores per cpu, 2 threads per core) family 6 model 140 stepping 1 microcode 0xb8, cx8, cmov, fxsr, ht, mmx, 3dnowpref, sse, sse2, sse3, ssse3, sse4.1, sse4.2, popcnt, lzcnt, tsc, tscinvbit, avx, avx2, aes, erms, clmul, bmi1, bmi2, adx, avx512f, avx512dq, avx512cd, avx512bw, avx512vl, sha, fma, vzeroupper, avx512_vpopcntdq, avx512_vpclmulqdq, avx512_vaes, avx512_vnni, clflush, clflushopt, clwb, avx512_vbmi2, avx512_vbmi, hv, rdtscp, rdpid, fsrm, gfni, avx512_bitalg, f16c, cet_ibt, cet_ss, avx512_ifma
Processor Information for all 8 processors :
  Max Mhz: 2419, Current Mhz: 2419, Mhz Limit: 2419

Memory: 4k page, system-wide physical 7872M (315M free)
TotalPageFile size 32448M (AvailPageFile size 2M)
current process WorkingSet (physical memory assigned to process): 37M, peak: 37M
current process commit charge ("private bytes"): 188M, peak: 188M

vm_info: OpenJDK 64-Bit Server VM (21.0.5+11-LTS) for windows-amd64 JRE (21.0.5+11-LTS), built on 2024-10-15T00:00:00Z by "admin" with MS VC++ 17.7 (VS2022)

END.
